Unity Editor version:    2022.3.36f1 (95a4219250e5)
Branch:                  2022.3/staging
Build type:              Release
Batch mode:              YES
System name:             Linux
Distro version:          #41~22.04.2-Ubuntu SMP PREEMPT_DYNAMIC Mon Jun  3 11:32:55 UTC 2
Kernel version:          6.5.0-41-generic
Architecture:            x86_64
Available memory:        31787 MB
Using pre-set license
Pro License: YES
Desktop is 1920 x 1080 @ 60 Hz
Initialize udev device monitor.

COMMAND LINE ARGUMENTS:
Unity
-adb2
-batchMode
-noUpm
-name
AssetImportWorker2
-projectPath
/home/thanhle/Downloads/godot/unity_game/TVT-RPG
-logFile
Logs/AssetImportWorker2.log
-srvPort
39387
Successfully changed project path to: /home/thanhle/Downloads/godot/unity_game/TVT-RPG
/home/thanhle/Downloads/godot/unity_game/TVT-RPG
[UnityMemory] Configuration Parameters - Can be set up in boot.config
    "memorysetup-bucket-allocator-granularity=16"
    "memorysetup-bucket-allocator-bucket-count=8"
    "memorysetup-bucket-allocator-block-size=33554432"
    "memorysetup-bucket-allocator-block-count=8"
    "memorysetup-main-allocator-block-size=16777216"
    "memorysetup-thread-allocator-block-size=16777216"
    "memorysetup-gfx-main-allocator-block-size=16777216"
    "memorysetup-gfx-thread-allocator-block-size=16777216"
    "memorysetup-cache-allocator-block-size=4194304"
    "memorysetup-typetree-allocator-block-size=2097152"
    "memorysetup-profiler-bucket-allocator-granularity=16"
    "memorysetup-profiler-bucket-allocator-bucket-count=8"
    "memorysetup-profiler-bucket-allocator-block-size=33554432"
    "memorysetup-profiler-bucket-allocator-block-count=8"
    "memorysetup-profiler-allocator-block-size=16777216"
    "memorysetup-profiler-editor-allocator-block-size=1048576"
    "memorysetup-temp-allocator-size-main=16777216"
    "memorysetup-job-temp-allocator-block-size=2097152"
    "memorysetup-job-temp-allocator-block-size-background=1048576"
    "memorysetup-job-temp-allocator-reduction-small-platforms=262144"
    "memorysetup-allocator-temp-initial-block-size-main=262144"
    "memorysetup-allocator-temp-initial-block-size-worker=262144"
    "memorysetup-temp-allocator-size-background-worker=32768"
    "memorysetup-temp-allocator-size-job-worker=262144"
    "memorysetup-temp-allocator-size-preload-manager=33554432"
    "memorysetup-temp-allocator-size-nav-mesh-worker=65536"
    "memorysetup-temp-allocator-size-audio-worker=65536"
    "memorysetup-temp-allocator-size-cloud-worker=32768"
    "memorysetup-temp-allocator-size-gi-baking-worker=262144"
    "memorysetup-temp-allocator-size-gfx=262144"
Player connection [136681072423872] Host "[IP] 192.168.100.115 [Port] 0 [Flags] 2 [Guid] 3819081612 [EditorId] 3819081612 [Version] 1048832 [Id] LinuxEditor(16,192.168.100.115) [Debug] 1 [PackageName] LinuxEditor [ProjectName] Editor" joined multi-casting on [225.0.0.222:54997]...

Player connection [136681072423872] Host "[IP] 192.168.100.115 [Port] 0 [Flags] 2 [Guid] 3819081612 [EditorId] 3819081612 [Version] 1048832 [Id] LinuxEditor(16,192.168.100.115) [Debug] 1 [PackageName] LinuxEditor [ProjectName] Editor" joined alternative multi-casting on [225.0.0.222:34997]...

[PhysX] Initialized MultithreadedTaskDispatcher with 8 workers.
Refreshing native plugins compatible for Editor in 2.19 ms, found 1 plugins.
Preloading 0 native plugins for Editor in 0.00 ms.
Initialize engine version: 2022.3.36f1 (95a4219250e5)
[Subsystems] Discovering subsystems at path /home/thanhle/Unity/Hub/Editor/2022.3.36f1/Editor/Data/Resources/UnitySubsystems
[Subsystems] Discovering subsystems at path /home/thanhle/Downloads/godot/unity_game/TVT-RPG/Assets
GLX Extensions: GLX_ARB_context_flush_control GLX_ARB_create_context GLX_ARB_create_context_no_error GLX_ARB_create_context_profile GLX_ARB_create_context_robustness GLX_ARB_fbconfig_float GLX_ARB_framebuffer_sRGB GLX_ARB_get_proc_address GLX_ARB_multisample GLX_EXT_buffer_age GLX_EXT_create_context_es2_profile GLX_EXT_create_context_es_profile GLX_EXT_fbconfig_packed_float GLX_EXT_framebuffer_sRGB GLX_EXT_no_config_context GLX_EXT_swap_control GLX_EXT_swap_control_tear GLX_EXT_texture_from_pixmap GLX_EXT_visual_info GLX_EXT_visual_rating GLX_INTEL_swap_event GLX_MESA_copy_sub_buffer GLX_MESA_query_renderer GLX_MESA_swap_control GLX_OML_swap_method GLX_OML_sync_control GLX_SGIS_multisample GLX_SGIX_fbconfig GLX_SGIX_pbuffer GLX_SGIX_visual_select_group GLX_SGI_make_current_read GLX_SGI_swap_control GLX_SGI_video_sync 
Renderer: Mesa Intel(R) Xe Graphics (TGL GT2)
Vendor:   Intel
Version:  4.6 (Core Profile) Mesa 23.2.1-1ubuntu3.1~22.04.2
GLES:     0
 GL_3DFX_texture_compression_FXT1 GL_AMD_conservative_depth GL_AMD_depth_clamp_separate GL_AMD_draw_buffers_blend GL_AMD_gpu_shader_int64 GL_AMD_multi_draw_indirect GL_AMD_performance_monitor GL_AMD_pinned_memory GL_AMD_query_buffer_object GL_AMD_seamless_cubemap_per_texture GL_AMD_shader_stencil_export GL_AMD_shader_trinary_minmax GL_AMD_texture_texture4 GL_AMD_vertex_shader_layer GL_AMD_vertex_shader_viewport_index GL_ANGLE_texture_compression_dxt3 GL_ANGLE_texture_compression_dxt5 GL_ARB_ES2_compatibility GL_ARB_ES3_1_compatibility GL_ARB_ES3_2_compatibility GL_ARB_ES3_compatibility GL_ARB_arrays_of_arrays GL_ARB_base_instance GL_ARB_blend_func_extended GL_ARB_buffer_storage GL_ARB_clear_buffer_object GL_ARB_clear_texture GL_ARB_clip_control GL_ARB_compressed_texture_pixel_storage GL_ARB_compute_shader GL_ARB_compute_variable_group_size GL_ARB_conditional_render_inverted GL_ARB_conservative_depth GL_ARB_copy_buffer GL_ARB_copy_image GL_ARB_cull_distance GL_ARB_debug_output GL_ARB_depth_buffer_float GL_ARB
_depth_clamp GL_ARB_derivative_control GL_ARB_direct_state_access GL_ARB_draw_buffers GL_ARB_draw_buffers_blend GL_ARB_draw_elements_base_vertex GL_ARB_draw_indirect GL_ARB_draw_instanced GL_ARB_enhanced_layouts GL_ARB_explicit_attrib_location GL_ARB_explicit_uniform_location GL_ARB_fragment_coord_conventions GL_ARB_fragment_layer_viewport GL_ARB_fragment_shader GL_ARB_fragment_shader_interlock GL_ARB_framebuffer_no_attachments GL_ARB_framebuffer_object GL_ARB_framebuffer_sRGB GL_ARB_get_program_binary GL_ARB_get_texture_sub_image GL_ARB_gl_spirv GL_ARB_gpu_shader5 GL_ARB_gpu_shader_fp64 GL_ARB_gpu_shader_int64 GL_ARB_half_float_pixel GL_ARB_half_float_vertex GL_ARB_indirect_parameters GL_ARB_instanced_arrays GL_ARB_internalformat_query GL_ARB_internalformat_query2 GL_ARB_invalidate_subdata GL_ARB_map_buffer_alignment GL_ARB_map_buffer_range GL_ARB_multi_bind GL_ARB_multi_draw_indirect GL_ARB_occlusion_query2 GL_ARB_parallel_shader_compile GL_ARB_pipeline_statistics_query GL_ARB_pixel_buffer_object GL_ARB_po
int_sprite GL_ARB_polygon_offset_clamp GL_ARB_post_depth_coverage GL_ARB_program_interface_query GL_ARB_provoking_vertex GL_ARB_query_buffer_object GL_ARB_robust_buffer_access_behavior GL_ARB_robustness GL_ARB_sample_shading GL_ARB_sampler_objects GL_ARB_seamless_cube_map GL_ARB_seamless_cubemap_per_texture GL_ARB_separate_shader_objects GL_ARB_shader_atomic_counter_ops GL_ARB_shader_atomic_counters GL_ARB_shader_ballot GL_ARB_shader_bit_encoding GL_ARB_shader_clock GL_ARB_shader_draw_parameters GL_ARB_shader_group_vote GL_ARB_shader_image_load_store GL_ARB_shader_image_size GL_ARB_shader_objects GL_ARB_shader_precision GL_ARB_shader_stencil_export GL_ARB_shader_storage_buffer_object GL_ARB_shader_subroutine GL_ARB_shader_texture_image_samples GL_ARB_shader_texture_lod GL_ARB_shader_viewport_layer_array GL_ARB_shading_language_420pack GL_ARB_shading_language_include GL_ARB_shading_language_packing GL_ARB_spirv_extensions GL_ARB_stencil_texturing GL_ARB_sync GL_ARB_tessellation_shader GL_ARB_texture_barrier G
L_ARB_texture_buffer_object GL_ARB_texture_buffer_object_rgb32 GL_ARB_texture_buffer_range GL_ARB_texture_compression_bptc GL_ARB_texture_compression_rgtc GL_ARB_texture_cube_map_array GL_ARB_texture_filter_anisotropic GL_ARB_texture_float GL_ARB_texture_gather GL_ARB_texture_mirror_clamp_to_edge GL_ARB_texture_multisample GL_ARB_texture_non_power_of_two GL_ARB_texture_query_levels GL_ARB_texture_query_lod GL_ARB_texture_rectangle GL_ARB_texture_rg GL_ARB_texture_rgb10_a2ui GL_ARB_texture_stencil8 GL_ARB_texture_storage GL_ARB_texture_storage_multisample GL_ARB_texture_swizzle GL_ARB_texture_view GL_ARB_timer_query GL_ARB_transform_feedback2 GL_ARB_transform_feedback3 GL_ARB_transform_feedback_instanced GL_ARB_transform_feedback_overflow_query GL_ARB_uniform_buffer_object GL_ARB_vertex_array_bgra GL_ARB_vertex_array_object GL_ARB_vertex_attrib_64bit GL_ARB_vertex_attrib_binding GL_ARB_vertex_buffer_object GL_ARB_vertex_shader GL_ARB_vertex_type_10f_11f_11f_rev GL_ARB_vertex_type_2_10_10_10_rev GL_ARB_viewpor
t_array GL_ATI_blend_equation_separate GL_ATI_texture_float GL_EXT_EGL_image_storage GL_EXT_EGL_sync GL_EXT_abgr GL_EXT_blend_equation_separate GL_EXT_debug_label GL_EXT_demote_to_helper_invocation GL_EXT_depth_bounds_test GL_EXT_draw_buffers2 GL_EXT_draw_instanced GL_EXT_framebuffer_blit GL_EXT_framebuffer_multisample GL_EXT_framebuffer_multisample_blit_scaled GL_EXT_framebuffer_object GL_EXT_framebuffer_sRGB GL_EXT_memory_object GL_EXT_memory_object_fd GL_EXT_packed_depth_stencil GL_EXT_packed_float GL_EXT_pixel_buffer_object GL_EXT_polygon_offset_clamp GL_EXT_provoking_vertex GL_EXT_semaphore GL_EXT_semaphore_fd GL_EXT_shader_framebuffer_fetch GL_EXT_shader_framebuffer_fetch_non_coherent GL_EXT_shader_integer_mix GL_EXT_shader_samples_identical GL_EXT_texture_array GL_EXT_texture_compression_dxt1 GL_EXT_texture_compression_rgtc GL_EXT_texture_compression_s3tc GL_EXT_texture_filter_anisotropic GL_EXT_texture_integer GL_EXT_texture_sRGB GL_EXT_texture_sRGB_R8 GL_EXT_texture_sRGB_decode GL_EXT_texture_shadow
_lod GL_EXT_texture_shared_exponent GL_EXT_texture_snorm GL_EXT_texture_swizzle GL_EXT_timer_query GL_EXT_transform_feedback GL_EXT_vertex_array_bgra GL_EXT_vertex_attrib_64bit GL_IBM_multimode_draw_arrays GL_INTEL_blackhole_render GL_INTEL_conservative_rasterization GL_INTEL_performance_query GL_INTEL_shader_atomic_float_minmax GL_INTEL_shader_integer_functions2 GL_KHR_blend_equation_advanced GL_KHR_blend_equation_advanced_coherent GL_KHR_context_flush_control GL_KHR_debug GL_KHR_no_error GL_KHR_parallel_shader_compile GL_KHR_robust_buffer_access_behavior GL_KHR_robustness GL_KHR_texture_compression_astc_ldr GL_KHR_texture_compression_astc_sliced_3d GL_MESA_framebuffer_flip_y GL_MESA_pack_invert GL_MESA_shader_integer_functions GL_MESA_texture_signed_rgba GL_NV_alpha_to_coverage_dither_control GL_NV_compute_shader_derivatives GL_NV_conditional_render GL_NV_copy_image GL_NV_depth_clamp GL_NV_fragment_shader_interlock GL_NV_packed_depth_stencil GL_NV_texture_barrier GL_OES_EGL_image GL_S3_s3tc
OPENGL LOG: Creating OpenGL 4.6 graphics device ; Context level  <OpenGL 4.5> ; Context handle 1676347392
Initialize mono
Mono path[0] = '/home/thanhle/Unity/Hub/Editor/2022.3.36f1/Editor/Data/Managed'
Mono path[1] = '/home/thanhle/Unity/Hub/Editor/2022.3.36f1/Editor/Data/MonoBleedingEdge/lib/mono/unityjit-linux'
Mono config path = '/home/thanhle/Unity/Hub/Editor/2022.3.36f1/Editor/Data/MonoBleedingEdge/etc'
Using monoOptions --debugger-agent=transport=dt_socket,embedding=1,server=y,suspend=n,address=127.0.0.1:56760
Begin MonoManager ReloadAssembly
Registering precompiled unity dll's ...
Register platform support module: /home/thanhle/Unity/Hub/Editor/2022.3.36f1/Editor/Data/PlaybackEngines/WebGLSupport/UnityEditor.WebGL.Extensions.dll
Register platform support module: /home/thanhle/Unity/Hub/Editor/2022.3.36f1/Editor/Data/PlaybackEngines/LinuxStandaloneSupport/UnityEditor.LinuxStandalone.Extensions.dll
Registered in 0.005712 seconds.
- Loaded All Assemblies, in  0.279 seconds
Native extension for LinuxStandalone target not found
Native extension for WebGL target not found
Mono: successfully reloaded assembly
- Finished resetting the current domain, in  0.248 seconds
Domain Reload Profiling: 527ms
	BeginReloadAssembly (60ms)
		ExecutionOrderSort (0ms)
		DisableScriptedObjects (0ms)
		BackupInstance (0ms)
		ReleaseScriptingObjects (0ms)
		CreateAndSetChildDomain (1ms)
	RebuildCommonClasses (30ms)
	RebuildNativeTypeToScriptingClass (6ms)
	initialDomainReloadingComplete (55ms)
	LoadAllAssembliesAndSetupDomain (127ms)
		LoadAssemblies (60ms)
		RebuildTransferFunctionScriptingTraits (0ms)
		AnalyzeDomain (126ms)
			TypeCache.Refresh (125ms)
				TypeCache.ScanAssembly (113ms)
			ScanForSourceGeneratedMonoScriptInfo (0ms)
			ResolveRequiredComponents (0ms)
	FinalizeReload (248ms)
		ReleaseScriptCaches (0ms)
		RebuildScriptCaches (0ms)
		SetupLoadedEditorAssemblies (193ms)
			LogAssemblyErrors (0ms)
			InitializePlatformSupportModulesInManaged (9ms)
			SetLoadedEditorAssemblies (5ms)
			RefreshPlugins (0ms)
			BeforeProcessingInitializeOnLoad (2ms)
			ProcessInitializeOnLoadAttributes (134ms)
			ProcessInitializeOnLoadMethodAttributes (43ms)
			AfterProcessingInitializeOnLoad (0ms)
			EditorAssembliesLoaded (0ms)
		ExecutionOrderSort2 (0ms)
		AwakeInstancesAfterBackupRestoration (0ms)
========================================================================
Worker process is ready to serve import requests
Begin MonoManager ReloadAssembly
- Loaded All Assemblies, in  0.484 seconds
Refreshing native plugins compatible for Editor in 1.11 ms, found 1 plugins.
Native extension for LinuxStandalone target not found
Native extension for WebGL target not found
Package Manager log level set to [2]
[Package Manager] Server::EnsureServerProcessIsRunning -- launch failed, reason: Unity was launched with the -noUpm command-line argument
[Package Manager] UpmClient::Send -- Unable to send message (not connected to UPM process).
[Package Manager] Cannot connect to Unity Package Manager local server
Mono: successfully reloaded assembly
- Finished resetting the current domain, in  0.585 seconds
Domain Reload Profiling: 1069ms
	BeginReloadAssembly (100ms)
		ExecutionOrderSort (0ms)
		DisableScriptedObjects (5ms)
		BackupInstance (0ms)
		ReleaseScriptingObjects (0ms)
		CreateAndSetChildDomain (18ms)
	RebuildCommonClasses (29ms)
	RebuildNativeTypeToScriptingClass (6ms)
	initialDomainReloadingComplete (38ms)
	LoadAllAssembliesAndSetupDomain (309ms)
		LoadAssemblies (194ms)
		RebuildTransferFunctionScriptingTraits (0ms)
		AnalyzeDomain (161ms)
			TypeCache.Refresh (136ms)
				TypeCache.ScanAssembly (122ms)
			ScanForSourceGeneratedMonoScriptInfo (19ms)
			ResolveRequiredComponents (5ms)
	FinalizeReload (586ms)
		ReleaseScriptCaches (0ms)
		RebuildScriptCaches (0ms)
		SetupLoadedEditorAssemblies (436ms)
			LogAssemblyErrors (0ms)
			InitializePlatformSupportModulesInManaged (6ms)
			SetLoadedEditorAssemblies (4ms)
			RefreshPlugins (0ms)
			BeforeProcessingInitializeOnLoad (52ms)
			ProcessInitializeOnLoadAttributes (331ms)
			ProcessInitializeOnLoadMethodAttributes (40ms)
			AfterProcessingInitializeOnLoad (3ms)
			EditorAssembliesLoaded (0ms)
		ExecutionOrderSort2 (0ms)
		AwakeInstancesAfterBackupRestoration (4ms)
Launched and connected shader compiler UnityShaderCompiler after 0.01 seconds
Refreshing native plugins compatible for Editor in 1.08 ms, found 1 plugins.
Preloading 0 native plugins for Editor in 0.00 ms.
Unloading 4584 Unused Serialized files (Serialized files now loaded: 0)
Unloading 85 unused Assets / (127.6 KB). Loaded Objects now: 5044.
Memory consumption went from 148.4 MB to 148.3 MB.
Total: 4.484244 ms (FindLiveObjects: 0.312819 ms CreateObjectMapping: 0.190166 ms MarkObjects: 3.629888 ms  DeleteObjects: 0.350181 ms)

AssetImportParameters requested are different than current active one (requested -> active):
  custom:container-demuxer-ogg: 62fdf1f143b41e24485cea50d1cbac27 -> 
  custom:video-decoder-ogg-theora: a1e56fd34408186e4bbccfd4996cb3dc -> 
  custom:CustomObjectIndexerAttribute: 232f87dd983dbecb2a4e21e08eb2cef8 -> 
  custom:container-demuxer-webm: 4f35f7cbe854078d1ac9338744f61a02 -> 
  custom:container-muxer-webm: aa71ff27fc2769a1b78a27578f13a17b -> 
  custom:video-decoder-webm-vp8: 9c59270c3fd7afecdb556c50c9e8de78 -> 
  custom:SearchIndexIgnoredProperties: e643bd26f0fe6173181afceb89e7c659 -> 
  custom:AudioImporter_EditorPlatform: 2f0ff77a95e0ac474e3e8eeba4e2f7cb -> 
  custom:video-encoder-webm-vp8: eb34c28f22e8b96e1ab97ce403110664 -> 
  custom:audio-decoder-ogg-vorbis: bf7c407c2cedff20999df2af8eb42d56 -> 
  custom:audio-encoder-webm-vorbis: bf7c407c2cedff20999df2af8eb42d56 -> 
========================================================================
Received Import Request.
  Time since last request: 5013.592539 seconds.
  path: Assets/Characters/PlayerInputAction.inputactions
  artifactKey: Guid(33b8ab42ab73b0442982c7d0ff07670a) Importer(815301076,1909f56bfc062723c751e8b465ee728b)
Start importing Assets/Characters/PlayerInputAction.inputactions using Guid(33b8ab42ab73b0442982c7d0ff07670a) Importer(815301076,1909f56bfc062723c751e8b465ee728b) [PhysX] Initialized MultithreadedTaskDispatcher with 8 workers.
 -> (artifact id: 'f2641a13646e4b15080178a1c2352a3f') in 0.014805 seconds
Number of updated asset objects reloaded before import = 0
Number of asset objects unloaded after import = 14
========================================================================
Received Import Request.
  Time since last request: 6.284428 seconds.
  path: Assets/Art/Tiny Swords/Tiny Swords (Update 010)/Deco/01.png
  artifactKey: Guid(5f008898095abfcfe955ba147d0b8ae9) Importer(815301076,1909f56bfc062723c751e8b465ee728b)
Start importing Assets/Art/Tiny Swords/Tiny Swords (Update 010)/Deco/01.png using Guid(5f008898095abfcfe955ba147d0b8ae9) Importer(815301076,1909f56bfc062723c751e8b465ee728b) [PhysX] Initialized MultithreadedTaskDispatcher with 8 workers.
[PhysX] Initialized MultithreadedTaskDispatcher with 8 workers.
 -> (artifact id: 'f4b36ad9e50bd560904280a81b5088d8') in 0.067132 seconds
Number of updated asset objects reloaded before import = 0
Number of asset objects unloaded after import = 3
========================================================================
Received Import Request.
  Time since last request: 0.000022 seconds.
  path: Assets/Art/Tiny Swords/Tiny Swords (Update 010)/Deco/06.png
  artifactKey: Guid(0af19843b60f78b31a992d06b54ada73) Importer(815301076,1909f56bfc062723c751e8b465ee728b)
Start importing Assets/Art/Tiny Swords/Tiny Swords (Update 010)/Deco/06.png using Guid(0af19843b60f78b31a992d06b54ada73) Importer(815301076,1909f56bfc062723c751e8b465ee728b) [PhysX] Initialized MultithreadedTaskDispatcher with 8 workers.
[PhysX] Initialized MultithreadedTaskDispatcher with 8 workers.
 -> (artifact id: '8e7ae5ec5ae45efe886b4e22a8765864') in 0.005763 seconds
Number of updated asset objects reloaded before import = 0
Number of asset objects unloaded after import = 3
========================================================================
Received Import Request.
  Time since last request: 0.000026 seconds.
  path: Assets/Art/Tiny Swords/Tiny Swords (Update 010)/Deco/09.png
  artifactKey: Guid(c41414c2cf5c63557a9aa0e092fab619) Importer(815301076,1909f56bfc062723c751e8b465ee728b)
Start importing Assets/Art/Tiny Swords/Tiny Swords (Update 010)/Deco/09.png using Guid(c41414c2cf5c63557a9aa0e092fab619) Importer(815301076,1909f56bfc062723c751e8b465ee728b) [PhysX] Initialized MultithreadedTaskDispatcher with 8 workers.
[PhysX] Initialized MultithreadedTaskDispatcher with 8 workers.
 -> (artifact id: 'f9c28756a854d6403d0d9448fcc35ee8') in 0.006676 seconds
Number of updated asset objects reloaded before import = 0
Number of asset objects unloaded after import = 3
========================================================================
Received Import Request.
  Time since last request: 0.000016 seconds.
  path: Assets/Art/Tiny Swords/Tiny Swords (Update 010)/Deco/08.png
  artifactKey: Guid(fcbb71487b733b0ecb1ea6c06f941b51) Importer(815301076,1909f56bfc062723c751e8b465ee728b)
Start importing Assets/Art/Tiny Swords/Tiny Swords (Update 010)/Deco/08.png using Guid(fcbb71487b733b0ecb1ea6c06f941b51) Importer(815301076,1909f56bfc062723c751e8b465ee728b) [PhysX] Initialized MultithreadedTaskDispatcher with 8 workers.
[PhysX] Initialized MultithreadedTaskDispatcher with 8 workers.
 -> (artifact id: 'cf7941e60b5eaf7b74b5f4c4ca16c150') in 0.016880 seconds
Number of updated asset objects reloaded before import = 0
Number of asset objects unloaded after import = 3
========================================================================
Received Import Request.
  Time since last request: 0.000040 seconds.
  path: Assets/Art/Tiny Swords/Tiny Swords (Update 010)/Deco/13.png
  artifactKey: Guid(64b8906b268dcfdd7b1740608f5c6fa9) Importer(815301076,1909f56bfc062723c751e8b465ee728b)
Start importing Assets/Art/Tiny Swords/Tiny Swords (Update 010)/Deco/13.png using Guid(64b8906b268dcfdd7b1740608f5c6fa9) Importer(815301076,1909f56bfc062723c751e8b465ee728b) [PhysX] Initialized MultithreadedTaskDispatcher with 8 workers.
[PhysX] Initialized MultithreadedTaskDispatcher with 8 workers.
 -> (artifact id: '10887c5f1e5916e00c641b18c3b66067') in 0.017602 seconds
Number of updated asset objects reloaded before import = 0
Number of asset objects unloaded after import = 3
========================================================================
Received Import Request.
  Time since last request: 0.000022 seconds.
  path: Assets/Art/Tiny Swords/Tiny Swords (Update 010)/Deco/04.png
  artifactKey: Guid(3cfdf1524a99f6e87afa52f3cce5ea50) Importer(815301076,1909f56bfc062723c751e8b465ee728b)
Start importing Assets/Art/Tiny Swords/Tiny Swords (Update 010)/Deco/04.png using Guid(3cfdf1524a99f6e87afa52f3cce5ea50) Importer(815301076,1909f56bfc062723c751e8b465ee728b) [PhysX] Initialized MultithreadedTaskDispatcher with 8 workers.
[PhysX] Initialized MultithreadedTaskDispatcher with 8 workers.
 -> (artifact id: 'f5faa1edef5447eb08aeb61e08f7d873') in 0.009479 seconds
Number of updated asset objects reloaded before import = 0
Number of asset objects unloaded after import = 3
========================================================================
Received Import Request.
  Time since last request: 0.000023 seconds.
  path: Assets/Art/Tiny Swords/Tiny Swords (Update 010)/Deco/11.png
  artifactKey: Guid(a1de002477e85a1f194844fedf691eac) Importer(815301076,1909f56bfc062723c751e8b465ee728b)
Start importing Assets/Art/Tiny Swords/Tiny Swords (Update 010)/Deco/11.png using Guid(a1de002477e85a1f194844fedf691eac) Importer(815301076,1909f56bfc062723c751e8b465ee728b) [PhysX] Initialized MultithreadedTaskDispatcher with 8 workers.
[PhysX] Initialized MultithreadedTaskDispatcher with 8 workers.
 -> (artifact id: '6d945e0bc1dc69d8c589f9cf244f9038') in 0.009921 seconds
Number of updated asset objects reloaded before import = 0
Number of asset objects unloaded after import = 3
========================================================================
Received Import Request.
  Time since last request: 0.000019 seconds.
  path: Assets/Art/Tiny Swords/Tiny Swords (Update 010)/Deco/18.png
  artifactKey: Guid(0d3c03b0b3971f42190ac9c288e0845d) Importer(815301076,1909f56bfc062723c751e8b465ee728b)
Start importing Assets/Art/Tiny Swords/Tiny Swords (Update 010)/Deco/18.png using Guid(0d3c03b0b3971f42190ac9c288e0845d) Importer(815301076,1909f56bfc062723c751e8b465ee728b) [PhysX] Initialized MultithreadedTaskDispatcher with 8 workers.
[PhysX] Initialized MultithreadedTaskDispatcher with 8 workers.
 -> (artifact id: '3f8689b4c68891865c60d4f4e0c65e65') in 0.014550 seconds
Number of updated asset objects reloaded before import = 0
Number of asset objects unloaded after import = 3
========================================================================
Received Import Request.
  Time since last request: 9.396022 seconds.
  path: Assets/Art/Tiny Swords/Tiny Swords (Update 010)/UI/Banners/Banner_Connection_Down.png
  artifactKey: Guid(96a4784c7911309eda8cd4520e5e3ae5) Importer(815301076,1909f56bfc062723c751e8b465ee728b)
Start importing Assets/Art/Tiny Swords/Tiny Swords (Update 010)/UI/Banners/Banner_Connection_Down.png using Guid(96a4784c7911309eda8cd4520e5e3ae5) Importer(815301076,1909f56bfc062723c751e8b465ee728b) [PhysX] Initialized MultithreadedTaskDispatcher with 8 workers.
[PhysX] Initialized MultithreadedTaskDispatcher with 8 workers.
 -> (artifact id: '73b9cddb72a19c5fc1899aa316297838') in 0.010171 seconds
Number of updated asset objects reloaded before import = 0
Number of asset objects unloaded after import = 3
========================================================================
Received Import Request.
  Time since last request: 0.000019 seconds.
  path: Assets/Art/Tiny Swords/Tiny Swords (Update 010)/UI/Banners/Carved_9Slides.png
  artifactKey: Guid(23e0a9285e7f8718d8262e14f33ccce5) Importer(815301076,1909f56bfc062723c751e8b465ee728b)
Start importing Assets/Art/Tiny Swords/Tiny Swords (Update 010)/UI/Banners/Carved_9Slides.png using Guid(23e0a9285e7f8718d8262e14f33ccce5) Importer(815301076,1909f56bfc062723c751e8b465ee728b) [PhysX] Initialized MultithreadedTaskDispatcher with 8 workers.
[PhysX] Initialized MultithreadedTaskDispatcher with 8 workers.
 -> (artifact id: '37ccb999bb7dc579408e0d7ad344fa88') in 0.024017 seconds
Number of updated asset objects reloaded before import = 0
Number of asset objects unloaded after import = 3
========================================================================
Received Import Request.
  Time since last request: 0.000035 seconds.
  path: Assets/Art/Tiny Swords/Tiny Swords (Update 010)/UI/Banners/Banner_Connection_Up.png
  artifactKey: Guid(f8087891c85bb21fe9df75ce59b8d158) Importer(815301076,1909f56bfc062723c751e8b465ee728b)
Start importing Assets/Art/Tiny Swords/Tiny Swords (Update 010)/UI/Banners/Banner_Connection_Up.png using Guid(f8087891c85bb21fe9df75ce59b8d158) Importer(815301076,1909f56bfc062723c751e8b465ee728b) [PhysX] Initialized MultithreadedTaskDispatcher with 8 workers.
[PhysX] Initialized MultithreadedTaskDispatcher with 8 workers.
 -> (artifact id: 'fde4bd54523e3234b6f7e66ee52a4974') in 0.014848 seconds
Number of updated asset objects reloaded before import = 0
Number of asset objects unloaded after import = 3
========================================================================
Received Import Request.
  Time since last request: 0.000018 seconds.
  path: Assets/Art/Tiny Swords/Tiny Swords (Update 010)/UI/Banners/Carved_Regular.png
  artifactKey: Guid(a4db57c0ef4a4fa47a15058192cbdb02) Importer(815301076,1909f56bfc062723c751e8b465ee728b)
Start importing Assets/Art/Tiny Swords/Tiny Swords (Update 010)/UI/Banners/Carved_Regular.png using Guid(a4db57c0ef4a4fa47a15058192cbdb02) Importer(815301076,1909f56bfc062723c751e8b465ee728b) [PhysX] Initialized MultithreadedTaskDispatcher with 8 workers.
[PhysX] Initialized MultithreadedTaskDispatcher with 8 workers.
 -> (artifact id: '625cc66adebe923d58602d8ab1db908c') in 0.013879 seconds
Number of updated asset objects reloaded before import = 0
Number of asset objects unloaded after import = 3
========================================================================
Received Import Request.
  Time since last request: 0.800360 seconds.
  path: Assets/Art/Tiny Swords/Tiny Swords (Update 010)/UI/Buttons/Button_Blue.png
  artifactKey: Guid(e648526ace286e23a9c4d01257505827) Importer(815301076,1909f56bfc062723c751e8b465ee728b)
Start importing Assets/Art/Tiny Swords/Tiny Swords (Update 010)/UI/Buttons/Button_Blue.png using Guid(e648526ace286e23a9c4d01257505827) Importer(815301076,1909f56bfc062723c751e8b465ee728b) [PhysX] Initialized MultithreadedTaskDispatcher with 8 workers.
[PhysX] Initialized MultithreadedTaskDispatcher with 8 workers.
 -> (artifact id: 'b93ac7cdd4b42bd3eb6b4b7d2637c4b3') in 0.007148 seconds
Number of updated asset objects reloaded before import = 0
Number of asset objects unloaded after import = 3
========================================================================
Received Import Request.
  Time since last request: 0.000016 seconds.
  path: Assets/Art/Tiny Swords/Tiny Swords (Update 010)/UI/Buttons/Button_Hover.png
  artifactKey: Guid(8ef31a552c9b24e5b9d1c76bc9a0a12f) Importer(815301076,1909f56bfc062723c751e8b465ee728b)
Start importing Assets/Art/Tiny Swords/Tiny Swords (Update 010)/UI/Buttons/Button_Hover.png using Guid(8ef31a552c9b24e5b9d1c76bc9a0a12f) Importer(815301076,1909f56bfc062723c751e8b465ee728b) [PhysX] Initialized MultithreadedTaskDispatcher with 8 workers.
[PhysX] Initialized MultithreadedTaskDispatcher with 8 workers.
 -> (artifact id: 'cfe1d5e5f986e05ada457d6c08f20196') in 0.008425 seconds
Number of updated asset objects reloaded before import = 0
Number of asset objects unloaded after import = 3
========================================================================
Received Import Request.
  Time since last request: 0.000019 seconds.
  path: Assets/Art/Tiny Swords/Tiny Swords (Update 010)/UI/Buttons/Button_Red_Pressed.png
  artifactKey: Guid(3e637a944b08d3539af31abb59ea99ba) Importer(815301076,1909f56bfc062723c751e8b465ee728b)
Start importing Assets/Art/Tiny Swords/Tiny Swords (Update 010)/UI/Buttons/Button_Red_Pressed.png using Guid(3e637a944b08d3539af31abb59ea99ba) Importer(815301076,1909f56bfc062723c751e8b465ee728b) [PhysX] Initialized MultithreadedTaskDispatcher with 8 workers.
[PhysX] Initialized MultithreadedTaskDispatcher with 8 workers.
 -> (artifact id: 'f14733883a280bd7ba84a1e387e3455b') in 0.023604 seconds
Number of updated asset objects reloaded before import = 0
Number of asset objects unloaded after import = 3
========================================================================
Received Import Request.
  Time since last request: 0.000015 seconds.
  path: Assets/Art/Tiny Swords/Tiny Swords (Update 010)/UI/Buttons/Button_Disable_3Slides.png
  artifactKey: Guid(214ca193511fc63afacc251fa0a7abd5) Importer(815301076,1909f56bfc062723c751e8b465ee728b)
Start importing Assets/Art/Tiny Swords/Tiny Swords (Update 010)/UI/Buttons/Button_Disable_3Slides.png using Guid(214ca193511fc63afacc251fa0a7abd5) Importer(815301076,1909f56bfc062723c751e8b465ee728b) [PhysX] Initialized MultithreadedTaskDispatcher with 8 workers.
[PhysX] Initialized MultithreadedTaskDispatcher with 8 workers.
 -> (artifact id: 'b82182a547af7971e6acc37bbf1db183') in 0.039209 seconds
Number of updated asset objects reloaded before import = 0
Number of asset objects unloaded after import = 3
========================================================================
Received Import Request.
  Time since last request: 0.000055 seconds.
  path: Assets/Art/Tiny Swords/Tiny Swords (Update 010)/UI/Buttons/Button_Disable_9Slides.png
  artifactKey: Guid(bff1f62baf4bf4678a93f111b2b7bff9) Importer(815301076,1909f56bfc062723c751e8b465ee728b)
Start importing Assets/Art/Tiny Swords/Tiny Swords (Update 010)/UI/Buttons/Button_Disable_9Slides.png using Guid(bff1f62baf4bf4678a93f111b2b7bff9) Importer(815301076,1909f56bfc062723c751e8b465ee728b) [PhysX] Initialized MultithreadedTaskDispatcher with 8 workers.
[PhysX] Initialized MultithreadedTaskDispatcher with 8 workers.
 -> (artifact id: 'a3279526e68c6564dcb41abba7a2e6d8') in 0.013432 seconds
Number of updated asset objects reloaded before import = 0
Number of asset objects unloaded after import = 3
========================================================================
Received Import Request.
  Time since last request: 0.000038 seconds.
  path: Assets/Art/Tiny Swords/Tiny Swords (Update 010)/UI/Buttons/Button_Hover_3Slides.png
  artifactKey: Guid(845381ea0e50fd5e58a4f13b0d8f3719) Importer(815301076,1909f56bfc062723c751e8b465ee728b)
Start importing Assets/Art/Tiny Swords/Tiny Swords (Update 010)/UI/Buttons/Button_Hover_3Slides.png using Guid(845381ea0e50fd5e58a4f13b0d8f3719) Importer(815301076,1909f56bfc062723c751e8b465ee728b) [PhysX] Initialized MultithreadedTaskDispatcher with 8 workers.
[PhysX] Initialized MultithreadedTaskDispatcher with 8 workers.
 -> (artifact id: '85f13735a51caf0b20458f5535c2e408') in 0.009392 seconds
Number of updated asset objects reloaded before import = 0
Number of asset objects unloaded after import = 3
========================================================================
Received Import Request.
  Time since last request: 6.370238 seconds.
  path: Assets/Art/Tiny Swords/Tiny Swords (Update 010)/UI/Pointers/01.png
  artifactKey: Guid(92a0adad5b1b5fe699b94e33fb703476) Importer(815301076,1909f56bfc062723c751e8b465ee728b)
Start importing Assets/Art/Tiny Swords/Tiny Swords (Update 010)/UI/Pointers/01.png using Guid(92a0adad5b1b5fe699b94e33fb703476) Importer(815301076,1909f56bfc062723c751e8b465ee728b) [PhysX] Initialized MultithreadedTaskDispatcher with 8 workers.
[PhysX] Initialized MultithreadedTaskDispatcher with 8 workers.
 -> (artifact id: 'bbc3543bb09aae884fe9ba2927d0ba6f') in 0.013197 seconds
Number of updated asset objects reloaded before import = 0
Number of asset objects unloaded after import = 3
========================================================================
Received Import Request.
  Time since last request: 0.000017 seconds.
  path: Assets/Art/Tiny Swords/Tiny Swords (Update 010)/UI/Pointers/06.png
  artifactKey: Guid(2f124099c4a577a9ca8674763092b112) Importer(815301076,1909f56bfc062723c751e8b465ee728b)
Start importing Assets/Art/Tiny Swords/Tiny Swords (Update 010)/UI/Pointers/06.png using Guid(2f124099c4a577a9ca8674763092b112) Importer(815301076,1909f56bfc062723c751e8b465ee728b) [PhysX] Initialized MultithreadedTaskDispatcher with 8 workers.
[PhysX] Initialized MultithreadedTaskDispatcher with 8 workers.
 -> (artifact id: 'c979c9704440b0b22585f7fc34ce1a60') in 0.006648 seconds
Number of updated asset objects reloaded before import = 0
Number of asset objects unloaded after import = 3
========================================================================
Received Import Request.
  Time since last request: 0.587199 seconds.
  path: Assets/Art/Tiny Swords/Tiny Swords (Update 010)/UI/Ribbons/Ribbon_Blue_3Slides.png
  artifactKey: Guid(a67e610c35013311a9a580c66fedfc2b) Importer(815301076,1909f56bfc062723c751e8b465ee728b)
Start importing Assets/Art/Tiny Swords/Tiny Swords (Update 010)/UI/Ribbons/Ribbon_Blue_3Slides.png using Guid(a67e610c35013311a9a580c66fedfc2b) Importer(815301076,1909f56bfc062723c751e8b465ee728b) [PhysX] Initialized MultithreadedTaskDispatcher with 8 workers.
[PhysX] Initialized MultithreadedTaskDispatcher with 8 workers.
 -> (artifact id: '58c6f1fe0b594e95041f43abc51888ec') in 0.007713 seconds
Number of updated asset objects reloaded before import = 0
Number of asset objects unloaded after import = 3
========================================================================
Received Import Request.
  Time since last request: 0.000014 seconds.
  path: Assets/Art/Tiny Swords/Tiny Swords (Update 010)/UI/Ribbons/Ribbon_Red_3Slides.png
  artifactKey: Guid(fe1e8e6e030952c70b9363eb17a8e3af) Importer(815301076,1909f56bfc062723c751e8b465ee728b)
Start importing Assets/Art/Tiny Swords/Tiny Swords (Update 010)/UI/Ribbons/Ribbon_Red_3Slides.png using Guid(fe1e8e6e030952c70b9363eb17a8e3af) Importer(815301076,1909f56bfc062723c751e8b465ee728b) [PhysX] Initialized MultithreadedTaskDispatcher with 8 workers.
[PhysX] Initialized MultithreadedTaskDispatcher with 8 workers.
 -> (artifact id: 'e38ee153f8eff5f35714e95f9840c317') in 0.008536 seconds
Number of updated asset objects reloaded before import = 0
Number of asset objects unloaded after import = 3
========================================================================
Received Import Request.
  Time since last request: 0.000024 seconds.
  path: Assets/Art/Tiny Swords/Tiny Swords (Update 010)/UI/Ribbons/Ribbon_Yellow_Connection_Right.png
  artifactKey: Guid(d2c3235278d124128890d0adc0dd4f42) Importer(815301076,1909f56bfc062723c751e8b465ee728b)
Start importing Assets/Art/Tiny Swords/Tiny Swords (Update 010)/UI/Ribbons/Ribbon_Yellow_Connection_Right.png using Guid(d2c3235278d124128890d0adc0dd4f42) Importer(815301076,1909f56bfc062723c751e8b465ee728b) [PhysX] Initialized MultithreadedTaskDispatcher with 8 workers.
[PhysX] Initialized MultithreadedTaskDispatcher with 8 workers.
 -> (artifact id: '37f624c5878b76598b65fb88a2b43a1d') in 0.010668 seconds
Number of updated asset objects reloaded before import = 0
Number of asset objects unloaded after import = 3
========================================================================
Received Import Request.
  Time since last request: 0.000024 seconds.
  path: Assets/Art/Tiny Swords/Tiny Swords (Update 010)/UI/Ribbons/Ribbon_Red_Connection_Up.png
  artifactKey: Guid(ba4789a035371289fbc707e3ffcef8a8) Importer(815301076,1909f56bfc062723c751e8b465ee728b)
Start importing Assets/Art/Tiny Swords/Tiny Swords (Update 010)/UI/Ribbons/Ribbon_Red_Connection_Up.png using Guid(ba4789a035371289fbc707e3ffcef8a8) Importer(815301076,1909f56bfc062723c751e8b465ee728b) [PhysX] Initialized MultithreadedTaskDispatcher with 8 workers.
[PhysX] Initialized MultithreadedTaskDispatcher with 8 workers.
 -> (artifact id: 'c10d1e536719a71a1075036130c6b6d5') in 0.018047 seconds
Number of updated asset objects reloaded before import = 0
Number of asset objects unloaded after import = 3
========================================================================
Received Import Request.
  Time since last request: 0.000020 seconds.
  path: Assets/Art/Tiny Swords/Tiny Swords (Update 010)/UI/Ribbons/Ribbon_Yellow_Connection_Left_Pressed.png
  artifactKey: Guid(71feba9bd59beb1f38cb05e7d00a703c) Importer(815301076,1909f56bfc062723c751e8b465ee728b)
Start importing Assets/Art/Tiny Swords/Tiny Swords (Update 010)/UI/Ribbons/Ribbon_Yellow_Connection_Left_Pressed.png using Guid(71feba9bd59beb1f38cb05e7d00a703c) Importer(815301076,1909f56bfc062723c751e8b465ee728b) [PhysX] Initialized MultithreadedTaskDispatcher with 8 workers.
[PhysX] Initialized MultithreadedTaskDispatcher with 8 workers.
 -> (artifact id: '4eda27e47cde4ba2e6ccc649768d1bf9') in 0.021198 seconds
Number of updated asset objects reloaded before import = 0
Number of asset objects unloaded after import = 3
========================================================================
Received Import Request.
  Time since last request: 0.000017 seconds.
  path: Assets/Art/Tiny Swords/Tiny Swords (Update 010)/UI/Ribbons/Ribbon_Blue_Connection_Left_Pressed.png
  artifactKey: Guid(0b72cbc733b278e10873ca64397d967c) Importer(815301076,1909f56bfc062723c751e8b465ee728b)
Start importing Assets/Art/Tiny Swords/Tiny Swords (Update 010)/UI/Ribbons/Ribbon_Blue_Connection_Left_Pressed.png using Guid(0b72cbc733b278e10873ca64397d967c) Importer(815301076,1909f56bfc062723c751e8b465ee728b) [PhysX] Initialized MultithreadedTaskDispatcher with 8 workers.
[PhysX] Initialized MultithreadedTaskDispatcher with 8 workers.
 -> (artifact id: '3a7f3db9e10f920f1aff3c8ccc9912fe') in 0.010524 seconds
Number of updated asset objects reloaded before import = 0
Number of asset objects unloaded after import = 3
========================================================================
Received Import Request.
  Time since last request: 0.000019 seconds.
  path: Assets/Art/Tiny Swords/Tiny Swords (Update 010)/UI/Ribbons/Ribbon_Blue_Connection_Up.png
  artifactKey: Guid(b710a8118a4ecd9099ae27f9ea7f1520) Importer(815301076,1909f56bfc062723c751e8b465ee728b)
Start importing Assets/Art/Tiny Swords/Tiny Swords (Update 010)/UI/Ribbons/Ribbon_Blue_Connection_Up.png using Guid(b710a8118a4ecd9099ae27f9ea7f1520) Importer(815301076,1909f56bfc062723c751e8b465ee728b) [PhysX] Initialized MultithreadedTaskDispatcher with 8 workers.
[PhysX] Initialized MultithreadedTaskDispatcher with 8 workers.
 -> (artifact id: '7b84889f13ababb3e6f54d6574cb315a') in 0.007966 seconds
Number of updated asset objects reloaded before import = 0
Number of asset objects unloaded after import = 3
========================================================================
Received Import Request.
  Time since last request: 0.000014 seconds.
  path: Assets/Art/Tiny Swords/Tiny Swords (Update 010)/UI/Ribbons/Ribbon_Yellow_Connection_Up.png
  artifactKey: Guid(4b80f0b91923efc56b81131b53c790b2) Importer(815301076,1909f56bfc062723c751e8b465ee728b)
Start importing Assets/Art/Tiny Swords/Tiny Swords (Update 010)/UI/Ribbons/Ribbon_Yellow_Connection_Up.png using Guid(4b80f0b91923efc56b81131b53c790b2) Importer(815301076,1909f56bfc062723c751e8b465ee728b) [PhysX] Initialized MultithreadedTaskDispatcher with 8 workers.
[PhysX] Initialized MultithreadedTaskDispatcher with 8 workers.
 -> (artifact id: '0378e93a039ca86f4f4f2a3fae36d4c5') in 0.007056 seconds
Number of updated asset objects reloaded before import = 0
Number of asset objects unloaded after import = 3
========================================================================
Received Import Request.
  Time since last request: 0.000018 seconds.
  path: Assets/Art/Tiny Swords/Tiny Swords (Update 010)/UI/Ribbons/Ribbon_Yellow_3Slides.png
  artifactKey: Guid(a03e0e40c2359594f881c69ffb304d35) Importer(815301076,1909f56bfc062723c751e8b465ee728b)
Start importing Assets/Art/Tiny Swords/Tiny Swords (Update 010)/UI/Ribbons/Ribbon_Yellow_3Slides.png using Guid(a03e0e40c2359594f881c69ffb304d35) Importer(815301076,1909f56bfc062723c751e8b465ee728b) [PhysX] Initialized MultithreadedTaskDispatcher with 8 workers.
[PhysX] Initialized MultithreadedTaskDispatcher with 8 workers.
 -> (artifact id: '520a322bc762bf1bec15b44b7b6ff517') in 0.012384 seconds
Number of updated asset objects reloaded before import = 0
Number of asset objects unloaded after import = 3
========================================================================
Received Import Request.
  Time since last request: 6.475244 seconds.
  path: Assets/Art/Tiny Swords/Tiny Swords (Update 010)/Terrain/Ground/Shadows.png
  artifactKey: Guid(59596da297d65d47aafd4ecc0197fac7) Importer(815301076,1909f56bfc062723c751e8b465ee728b)
Start importing Assets/Art/Tiny Swords/Tiny Swords (Update 010)/Terrain/Ground/Shadows.png using Guid(59596da297d65d47aafd4ecc0197fac7) Importer(815301076,1909f56bfc062723c751e8b465ee728b) [PhysX] Initialized MultithreadedTaskDispatcher with 8 workers.
[PhysX] Initialized MultithreadedTaskDispatcher with 8 workers.
 -> (artifact id: '116264daa54f0ab3698f0d3d885fedb1') in 0.010273 seconds
Number of updated asset objects reloaded before import = 0
Number of asset objects unloaded after import = 3
========================================================================
Received Import Request.
  Time since last request: 0.755979 seconds.
  path: Assets/Art/Tiny Swords/Tiny Swords (Update 010)/Terrain/Bridge/Bridge_All.png
  artifactKey: Guid(e550696681041bdb58c130008e271375) Importer(815301076,1909f56bfc062723c751e8b465ee728b)
Start importing Assets/Art/Tiny Swords/Tiny Swords (Update 010)/Terrain/Bridge/Bridge_All.png using Guid(e550696681041bdb58c130008e271375) Importer(815301076,1909f56bfc062723c751e8b465ee728b) [PhysX] Initialized MultithreadedTaskDispatcher with 8 workers.
[PhysX] Initialized MultithreadedTaskDispatcher with 8 workers.
 -> (artifact id: '7b435509879b0a49b68d076cbaab7b28') in 0.016315 seconds
Number of updated asset objects reloaded before import = 0
Number of asset objects unloaded after import = 3
========================================================================
Received Import Request.
  Time since last request: 0.650666 seconds.
  path: Assets/Art/Tiny Swords/Tiny Swords (Update 010)/Terrain/Water/Water.png
  artifactKey: Guid(fd2c6754b94711ede9f3dcca0d0aed11) Importer(815301076,1909f56bfc062723c751e8b465ee728b)
Start importing Assets/Art/Tiny Swords/Tiny Swords (Update 010)/Terrain/Water/Water.png using Guid(fd2c6754b94711ede9f3dcca0d0aed11) Importer(815301076,1909f56bfc062723c751e8b465ee728b) [PhysX] Initialized MultithreadedTaskDispatcher with 8 workers.
[PhysX] Initialized MultithreadedTaskDispatcher with 8 workers.
 -> (artifact id: 'c44203c8eb0602d590dd1c14c5e9f172') in 0.006627 seconds
Number of updated asset objects reloaded before import = 0
Number of asset objects unloaded after import = 3
========================================================================
Received Import Request.
  Time since last request: 3.191808 seconds.
  path: Assets/Art/Tiny Swords/Tiny Swords (Update 010)/Resources/Gold Mine/GoldMine_Active.png
  artifactKey: Guid(35244e7cbe932e0d289dfada4bc70321) Importer(815301076,1909f56bfc062723c751e8b465ee728b)
Start importing Assets/Art/Tiny Swords/Tiny Swords (Update 010)/Resources/Gold Mine/GoldMine_Active.png using Guid(35244e7cbe932e0d289dfada4bc70321) Importer(815301076,1909f56bfc062723c751e8b465ee728b) [PhysX] Initialized MultithreadedTaskDispatcher with 8 workers.
[PhysX] Initialized MultithreadedTaskDispatcher with 8 workers.
 -> (artifact id: 'f2fae3a07ce370c937301f335848c9d7') in 0.019031 seconds
Number of updated asset objects reloaded before import = 0
Number of asset objects unloaded after import = 3
========================================================================
Received Import Request.
  Time since last request: 0.729182 seconds.
  path: Assets/Art/Tiny Swords/Tiny Swords (Update 010)/Resources/Resources/G_Idle.png
  artifactKey: Guid(377dc536f98c8c7b8b1897ecdf933482) Importer(815301076,1909f56bfc062723c751e8b465ee728b)
Start importing Assets/Art/Tiny Swords/Tiny Swords (Update 010)/Resources/Resources/G_Idle.png using Guid(377dc536f98c8c7b8b1897ecdf933482) Importer(815301076,1909f56bfc062723c751e8b465ee728b) [PhysX] Initialized MultithreadedTaskDispatcher with 8 workers.
[PhysX] Initialized MultithreadedTaskDispatcher with 8 workers.
 -> (artifact id: '7d62fad6aed3d2740f1a2e1857a5c751') in 0.035440 seconds
Number of updated asset objects reloaded before import = 0
Number of asset objects unloaded after import = 3
========================================================================
Received Import Request.
  Time since last request: 0.000016 seconds.
  path: Assets/Art/Tiny Swords/Tiny Swords (Update 010)/Resources/Resources/W_Idle_(NoShadow).png
  artifactKey: Guid(33640416cfc4f21dea7c28c02492ae50) Importer(815301076,1909f56bfc062723c751e8b465ee728b)
Start importing Assets/Art/Tiny Swords/Tiny Swords (Update 010)/Resources/Resources/W_Idle_(NoShadow).png using Guid(33640416cfc4f21dea7c28c02492ae50) Importer(815301076,1909f56bfc062723c751e8b465ee728b) [PhysX] Initialized MultithreadedTaskDispatcher with 8 workers.
[PhysX] Initialized MultithreadedTaskDispatcher with 8 workers.
 -> (artifact id: '3c4516982f8cbffd315df6489ba8012d') in 0.013386 seconds
Number of updated asset objects reloaded before import = 0
Number of asset objects unloaded after import = 3
========================================================================
Received Import Request.
  Time since last request: 0.000016 seconds.
  path: Assets/Art/Tiny Swords/Tiny Swords (Update 010)/Resources/Resources/M_Idle_(NoShadow).png
  artifactKey: Guid(64775091ff08b37d49f240e95cc3b15d) Importer(815301076,1909f56bfc062723c751e8b465ee728b)
Start importing Assets/Art/Tiny Swords/Tiny Swords (Update 010)/Resources/Resources/M_Idle_(NoShadow).png using Guid(64775091ff08b37d49f240e95cc3b15d) Importer(815301076,1909f56bfc062723c751e8b465ee728b) [PhysX] Initialized MultithreadedTaskDispatcher with 8 workers.
[PhysX] Initialized MultithreadedTaskDispatcher with 8 workers.
 -> (artifact id: '8a87bbdef7d1fd93c7c0046512742a2d') in 0.010412 seconds
Number of updated asset objects reloaded before import = 0
Number of asset objects unloaded after import = 3
========================================================================
Received Import Request.
  Time since last request: 1.273762 seconds.
  path: Assets/Art/Tiny Swords/Tiny Swords (Update 010)/Resources/Sheep/Happy_Sheep.aseprite
  artifactKey: Guid(03a41d7d2e7de8e1e8aed3ad39035032) Importer(815301076,1909f56bfc062723c751e8b465ee728b)
Start importing Assets/Art/Tiny Swords/Tiny Swords (Update 010)/Resources/Sheep/Happy_Sheep.aseprite using Guid(03a41d7d2e7de8e1e8aed3ad39035032) Importer(815301076,1909f56bfc062723c751e8b465ee728b) [PhysX] Initialized MultithreadedTaskDispatcher with 8 workers.
[PhysX] Initialized MultithreadedTaskDispatcher with 8 workers.
[PhysX] Initialized MultithreadedTaskDispatcher with 8 workers.
 -> (artifact id: '6257658fe953d74175b270798f76e4cf') in 0.099738 seconds
Number of updated asset objects reloaded before import = 0
Number of asset objects unloaded after import = 30
========================================================================
Received Import Request.
  Time since last request: 0.884048 seconds.
  path: Assets/Art/Tiny Swords/Tiny Swords (Update 010)/Resources/Trees/Tree.aseprite
  artifactKey: Guid(28cc7609bb84a4ceebc167269577d0bd) Importer(815301076,1909f56bfc062723c751e8b465ee728b)
Start importing Assets/Art/Tiny Swords/Tiny Swords (Update 010)/Resources/Trees/Tree.aseprite using Guid(28cc7609bb84a4ceebc167269577d0bd) Importer(815301076,1909f56bfc062723c751e8b465ee728b) [PhysX] Initialized MultithreadedTaskDispatcher with 8 workers.
[PhysX] Initialized MultithreadedTaskDispatcher with 8 workers.
[PhysX] Initialized MultithreadedTaskDispatcher with 8 workers.
 -> (artifact id: '9295cbb4fac9c57317b0cb8bde0bffda') in 0.073989 seconds
Number of updated asset objects reloaded before import = 0
Number of asset objects unloaded after import = 25
========================================================================
Received Import Request.
  Time since last request: 7.272392 seconds.
  path: Assets/Art/Tiny Swords/Tiny Swords (Update 010)/Factions/Goblins/Troops/Barrel/Blue/Barrel_Blue.aseprite
  artifactKey: Guid(467fa7b6207e2bf398fb2598b4ce1f5e) Importer(815301076,1909f56bfc062723c751e8b465ee728b)
Start importing Assets/Art/Tiny Swords/Tiny Swords (Update 010)/Factions/Goblins/Troops/Barrel/Blue/Barrel_Blue.aseprite using Guid(467fa7b6207e2bf398fb2598b4ce1f5e) Importer(815301076,1909f56bfc062723c751e8b465ee728b) [PhysX] Initialized MultithreadedTaskDispatcher with 8 workers.
[PhysX] Initialized MultithreadedTaskDispatcher with 8 workers.
[PhysX] Initialized MultithreadedTaskDispatcher with 8 workers.
 -> (artifact id: '869a28de9fc3099f0c130b4f377a0c1b') in 0.094780 seconds
Number of updated asset objects reloaded before import = 0
Number of asset objects unloaded after import = 44
========================================================================
Received Import Request.
  Time since last request: 0.804333 seconds.
  path: Assets/Art/Tiny Swords/Tiny Swords (Update 010)/Factions/Goblins/Troops/Barrel/Purple/Barrel_Purple.aseprite
  artifactKey: Guid(a6e4f1a1c234ef76b9ce0a8439e9ab1d) Importer(815301076,1909f56bfc062723c751e8b465ee728b)
Start importing Assets/Art/Tiny Swords/Tiny Swords (Update 010)/Factions/Goblins/Troops/Barrel/Purple/Barrel_Purple.aseprite using Guid(a6e4f1a1c234ef76b9ce0a8439e9ab1d) Importer(815301076,1909f56bfc062723c751e8b465ee728b) [PhysX] Initialized MultithreadedTaskDispatcher with 8 workers.
[PhysX] Initialized MultithreadedTaskDispatcher with 8 workers.
[PhysX] Initialized MultithreadedTaskDispatcher with 8 workers.
 -> (artifact id: 'd7b398566774bc1015049e53c94f835f') in 0.077195 seconds
Number of updated asset objects reloaded before import = 0
Number of asset objects unloaded after import = 44
========================================================================
Received Import Request.
  Time since last request: 0.621940 seconds.
  path: Assets/Art/Tiny Swords/Tiny Swords (Update 010)/Factions/Goblins/Troops/Barrel/Red/Barrel_Red.aseprite
  artifactKey: Guid(67330d9ed68f81709841ddeb6428411d) Importer(815301076,1909f56bfc062723c751e8b465ee728b)
Start importing Assets/Art/Tiny Swords/Tiny Swords (Update 010)/Factions/Goblins/Troops/Barrel/Red/Barrel_Red.aseprite using Guid(67330d9ed68f81709841ddeb6428411d) Importer(815301076,1909f56bfc062723c751e8b465ee728b) [PhysX] Initialized MultithreadedTaskDispatcher with 8 workers.
[PhysX] Initialized MultithreadedTaskDispatcher with 8 workers.
[PhysX] Initialized MultithreadedTaskDispatcher with 8 workers.
 -> (artifact id: 'ddcb6f32e8a29574a2a9b183deef7963') in 0.097184 seconds
Number of updated asset objects reloaded before import = 0
Number of asset objects unloaded after import = 44
========================================================================
Received Import Request.
  Time since last request: 0.369180 seconds.
  path: Assets/Art/Tiny Swords/Tiny Swords (Update 010)/Factions/Goblins/Troops/Barrel/Yellow/Barrel_Yellow.aseprite
  artifactKey: Guid(041f3a6d14affb90580b4d7cf6c2aef6) Importer(815301076,1909f56bfc062723c751e8b465ee728b)
Start importing Assets/Art/Tiny Swords/Tiny Swords (Update 010)/Factions/Goblins/Troops/Barrel/Yellow/Barrel_Yellow.aseprite using Guid(041f3a6d14affb90580b4d7cf6c2aef6) Importer(815301076,1909f56bfc062723c751e8b465ee728b) [PhysX] Initialized MultithreadedTaskDispatcher with 8 workers.
[PhysX] Initialized MultithreadedTaskDispatcher with 8 workers.
[PhysX] Initialized MultithreadedTaskDispatcher with 8 workers.
 -> (artifact id: 'ec17198b4c50c8670dbb80ecb7d052d2') in 0.094839 seconds
Number of updated asset objects reloaded before import = 0
Number of asset objects unloaded after import = 44
========================================================================
Received Prepare
Begin MonoManager ReloadAssembly
- Loaded All Assemblies, in  0.341 seconds
Refreshing native plugins compatible for Editor in 1.10 ms, found 1 plugins.
Native extension for LinuxStandalone target not found
Native extension for WebGL target not found
[Package Manager] Server::EnsureServerProcessIsRunning -- launch failed, reason: Unity was launched with the -noUpm command-line argument
[Package Manager] UpmClient::Send -- Unable to send message (not connected to UPM process).
[Package Manager] Cannot connect to Unity Package Manager local server
Mono: successfully reloaded assembly
- Finished resetting the current domain, in  0.684 seconds
Domain Reload Profiling: 1024ms
	BeginReloadAssembly (117ms)
		ExecutionOrderSort (0ms)
		DisableScriptedObjects (9ms)
		BackupInstance (0ms)
		ReleaseScriptingObjects (0ms)
		CreateAndSetChildDomain (36ms)
	RebuildCommonClasses (30ms)
	RebuildNativeTypeToScriptingClass (7ms)
	initialDomainReloadingComplete (25ms)
	LoadAllAssembliesAndSetupDomain (162ms)
		LoadAssemblies (192ms)
		RebuildTransferFunctionScriptingTraits (0ms)
		AnalyzeDomain (14ms)
			TypeCache.Refresh (7ms)
				TypeCache.ScanAssembly (0ms)
			ScanForSourceGeneratedMonoScriptInfo (0ms)
			ResolveRequiredComponents (6ms)
	FinalizeReload (684ms)
		ReleaseScriptCaches (0ms)
		RebuildScriptCaches (0ms)
		SetupLoadedEditorAssemblies (385ms)
			LogAssemblyErrors (0ms)
			InitializePlatformSupportModulesInManaged (8ms)
			SetLoadedEditorAssemblies (4ms)
			RefreshPlugins (0ms)
			BeforeProcessingInitializeOnLoad (64ms)
			ProcessInitializeOnLoadAttributes (280ms)
			ProcessInitializeOnLoadMethodAttributes (26ms)
			AfterProcessingInitializeOnLoad (3ms)
			EditorAssembliesLoaded (0ms)
		ExecutionOrderSort2 (0ms)
		AwakeInstancesAfterBackupRestoration (8ms)
Refreshing native plugins compatible for Editor in 1.10 ms, found 1 plugins.
Preloading 0 native plugins for Editor in 0.00 ms.
Unloading 4571 Unused Serialized files (Serialized files now loaded: 0)
Unloading 39 unused Assets / (108.5 KB). Loaded Objects now: 5135.
Memory consumption went from 147.5 MB to 147.4 MB.
Total: 3.738819 ms (FindLiveObjects: 0.288229 ms CreateObjectMapping: 0.159373 ms MarkObjects: 3.214319 ms  DeleteObjects: 0.075722 ms)

Prepare: number of updated asset objects reloaded= 0
AssetImportParameters requested are different than current active one (requested -> active):
  custom:container-demuxer-ogg: 62fdf1f143b41e24485cea50d1cbac27 -> 
  custom:video-decoder-ogg-theora: a1e56fd34408186e4bbccfd4996cb3dc -> 
  custom:CustomObjectIndexerAttribute: 232f87dd983dbecb2a4e21e08eb2cef8 -> 
  custom:container-demuxer-webm: 4f35f7cbe854078d1ac9338744f61a02 -> 
  custom:container-muxer-webm: aa71ff27fc2769a1b78a27578f13a17b -> 
  custom:video-decoder-webm-vp8: 9c59270c3fd7afecdb556c50c9e8de78 -> 
  custom:SearchIndexIgnoredProperties: e643bd26f0fe6173181afceb89e7c659 -> 
  custom:AudioImporter_EditorPlatform: 2f0ff77a95e0ac474e3e8eeba4e2f7cb -> 
  custom:video-encoder-webm-vp8: eb34c28f22e8b96e1ab97ce403110664 -> 
  custom:audio-decoder-ogg-vorbis: bf7c407c2cedff20999df2af8eb42d56 -> 
  custom:audio-encoder-webm-vorbis: bf7c407c2cedff20999df2af8eb42d56 -> 
========================================================================
Received Import Request.
  Time since last request: 586.507664 seconds.
  path: Assets/Art/Tiny Swords/Tiny Swords (Update 010)/Factions/Goblins/Buildings/Wood_House/Goblin_House.png
  artifactKey: Guid(5f36f9d12fc98c3189f57e43abe3c20a) Importer(815301076,1909f56bfc062723c751e8b465ee728b)
Start importing Assets/Art/Tiny Swords/Tiny Swords (Update 010)/Factions/Goblins/Buildings/Wood_House/Goblin_House.png using Guid(5f36f9d12fc98c3189f57e43abe3c20a) Importer(815301076,1909f56bfc062723c751e8b465ee728b) [PhysX] Initialized MultithreadedTaskDispatcher with 8 workers.
[PhysX] Initialized MultithreadedTaskDispatcher with 8 workers.
 -> (artifact id: '254766801646a832eaa43766d1a2b008') in 0.052326 seconds
Number of updated asset objects reloaded before import = 0
Number of asset objects unloaded after import = 3
========================================================================
Received Import Request.
  Time since last request: 2.380959 seconds.
  path: Assets/Art/Tiny Swords/Tiny Swords (Update 010)/Factions/Goblins/Buildings/Wood_Tower/Wood_Tower_Blue.aseprite
  artifactKey: Guid(38cc495e819175fe786f135dd6cbec73) Importer(815301076,1909f56bfc062723c751e8b465ee728b)
Start importing Assets/Art/Tiny Swords/Tiny Swords (Update 010)/Factions/Goblins/Buildings/Wood_Tower/Wood_Tower_Blue.aseprite using Guid(38cc495e819175fe786f135dd6cbec73) Importer(815301076,1909f56bfc062723c751e8b465ee728b) [PhysX] Initialized MultithreadedTaskDispatcher with 8 workers.
[PhysX] Initialized MultithreadedTaskDispatcher with 8 workers.
[PhysX] Initialized MultithreadedTaskDispatcher with 8 workers.
 -> (artifact id: 'e91fe59e56f9dda0a6c7c906143c3f16') in 0.056577 seconds
Number of updated asset objects reloaded before import = 0
Number of asset objects unloaded after import = 18
========================================================================
Received Import Request.
  Time since last request: 0.000025 seconds.
  path: Assets/Art/Tiny Swords/Tiny Swords (Update 010)/Factions/Goblins/Buildings/Wood_Tower/Wood_Tower_Yellow.aseprite
  artifactKey: Guid(2978f762c07905f7b87d532a359892d7) Importer(815301076,1909f56bfc062723c751e8b465ee728b)
Start importing Assets/Art/Tiny Swords/Tiny Swords (Update 010)/Factions/Goblins/Buildings/Wood_Tower/Wood_Tower_Yellow.aseprite using Guid(2978f762c07905f7b87d532a359892d7) Importer(815301076,1909f56bfc062723c751e8b465ee728b) [PhysX] Initialized MultithreadedTaskDispatcher with 8 workers.
[PhysX] Initialized MultithreadedTaskDispatcher with 8 workers.
[PhysX] Initialized MultithreadedTaskDispatcher with 8 workers.
 -> (artifact id: 'dfdaff4df18a6a9aa70b9ff468d4f132') in 0.054109 seconds
Number of updated asset objects reloaded before import = 0
Number of asset objects unloaded after import = 18
========================================================================
Received Import Request.
  Time since last request: 0.000034 seconds.
  path: Assets/Art/Tiny Swords/Tiny Swords (Update 010)/Factions/Goblins/Buildings/Wood_Tower/Wood_Tower_Purple.aseprite
  artifactKey: Guid(e53dfb91e391997f69345d55bed5456e) Importer(815301076,1909f56bfc062723c751e8b465ee728b)
Start importing Assets/Art/Tiny Swords/Tiny Swords (Update 010)/Factions/Goblins/Buildings/Wood_Tower/Wood_Tower_Purple.aseprite using Guid(e53dfb91e391997f69345d55bed5456e) Importer(815301076,1909f56bfc062723c751e8b465ee728b) [PhysX] Initialized MultithreadedTaskDispatcher with 8 workers.
[PhysX] Initialized MultithreadedTaskDispatcher with 8 workers.
[PhysX] Initialized MultithreadedTaskDispatcher with 8 workers.
 -> (artifact id: '22352e97be6a6b216fb162aadeafff02') in 0.061255 seconds
Number of updated asset objects reloaded before import = 0
Number of asset objects unloaded after import = 18
========================================================================
Received Import Request.
  Time since last request: 0.000020 seconds.
  path: Assets/Art/Tiny Swords/Tiny Swords (Update 010)/Factions/Goblins/Buildings/Wood_Tower/Wood_Tower_Purple.png
  artifactKey: Guid(c57469109bef9fe3381cdc1c49762358) Importer(815301076,1909f56bfc062723c751e8b465ee728b)
Start importing Assets/Art/Tiny Swords/Tiny Swords (Update 010)/Factions/Goblins/Buildings/Wood_Tower/Wood_Tower_Purple.png using Guid(c57469109bef9fe3381cdc1c49762358) Importer(815301076,1909f56bfc062723c751e8b465ee728b) [PhysX] Initialized MultithreadedTaskDispatcher with 8 workers.
[PhysX] Initialized MultithreadedTaskDispatcher with 8 workers.
 -> (artifact id: '2d7632af2f126999df21fc8eecf0d0e8') in 0.015609 seconds
Number of updated asset objects reloaded before import = 0
Number of asset objects unloaded after import = 3
========================================================================
Received Prepare
Begin MonoManager ReloadAssembly
- Loaded All Assemblies, in  0.344 seconds
Refreshing native plugins compatible for Editor in 1.06 ms, found 1 plugins.
Native extension for LinuxStandalone target not found
Native extension for WebGL target not found
[Package Manager] Server::EnsureServerProcessIsRunning -- launch failed, reason: Unity was launched with the -noUpm command-line argument
[Package Manager] UpmClient::Send -- Unable to send message (not connected to UPM process).
[Package Manager] Cannot connect to Unity Package Manager local server
Mono: successfully reloaded assembly
- Finished resetting the current domain, in  0.719 seconds
Domain Reload Profiling: 1062ms
	BeginReloadAssembly (116ms)
		ExecutionOrderSort (0ms)
		DisableScriptedObjects (10ms)
		BackupInstance (0ms)
		ReleaseScriptingObjects (0ms)
		CreateAndSetChildDomain (39ms)
	RebuildCommonClasses (33ms)
	RebuildNativeTypeToScriptingClass (7ms)
	initialDomainReloadingComplete (25ms)
	LoadAllAssembliesAndSetupDomain (163ms)
		LoadAssemblies (190ms)
		RebuildTransferFunctionScriptingTraits (0ms)
		AnalyzeDomain (13ms)
			TypeCache.Refresh (6ms)
				TypeCache.ScanAssembly (0ms)
			ScanForSourceGeneratedMonoScriptInfo (0ms)
			ResolveRequiredComponents (6ms)
	FinalizeReload (720ms)
		ReleaseScriptCaches (0ms)
		RebuildScriptCaches (0ms)
		SetupLoadedEditorAssemblies (404ms)
			LogAssemblyErrors (0ms)
			InitializePlatformSupportModulesInManaged (8ms)
			SetLoadedEditorAssemblies (4ms)
			RefreshPlugins (0ms)
			BeforeProcessingInitializeOnLoad (73ms)
			ProcessInitializeOnLoadAttributes (284ms)
			ProcessInitializeOnLoadMethodAttributes (32ms)
			AfterProcessingInitializeOnLoad (3ms)
			EditorAssembliesLoaded (0ms)
		ExecutionOrderSort2 (0ms)
		AwakeInstancesAfterBackupRestoration (8ms)
Refreshing native plugins compatible for Editor in 1.03 ms, found 1 plugins.
Preloading 0 native plugins for Editor in 0.00 ms.
Unloading 4571 Unused Serialized files (Serialized files now loaded: 0)
Unloading 39 unused Assets / (107.5 KB). Loaded Objects now: 5161.
Memory consumption went from 147.5 MB to 147.4 MB.
Total: 3.817301 ms (FindLiveObjects: 0.303304 ms CreateObjectMapping: 0.142159 ms MarkObjects: 3.300713 ms  DeleteObjects: 0.069801 ms)

Prepare: number of updated asset objects reloaded= 0
AssetImportParameters requested are different than current active one (requested -> active):
  custom:container-demuxer-ogg: 62fdf1f143b41e24485cea50d1cbac27 -> 
  custom:video-decoder-ogg-theora: a1e56fd34408186e4bbccfd4996cb3dc -> 
  custom:CustomObjectIndexerAttribute: 232f87dd983dbecb2a4e21e08eb2cef8 -> 
  custom:container-demuxer-webm: 4f35f7cbe854078d1ac9338744f61a02 -> 
  custom:container-muxer-webm: aa71ff27fc2769a1b78a27578f13a17b -> 
  custom:video-decoder-webm-vp8: 9c59270c3fd7afecdb556c50c9e8de78 -> 
  custom:SearchIndexIgnoredProperties: e643bd26f0fe6173181afceb89e7c659 -> 
  custom:AudioImporter_EditorPlatform: 2f0ff77a95e0ac474e3e8eeba4e2f7cb -> 
  custom:video-encoder-webm-vp8: eb34c28f22e8b96e1ab97ce403110664 -> 
  custom:audio-decoder-ogg-vorbis: bf7c407c2cedff20999df2af8eb42d56 -> 
  custom:audio-encoder-webm-vorbis: bf7c407c2cedff20999df2af8eb42d56 -> 
Editor requested this worker to shutdown with reason: Scaling down because of idle timeout
TcpMessagingSession - receive error: operation aborted. errorcode: 125, details: Operation aborted.
AssetImportWorker is now disconnected from the server
Process exiting
